c:\users\yusuf\source\opengl\workshop1\workshop1\x64\debug\vc143.pdb
c:\users\yusuf\source\opengl\workshop1\workshop1\x64\debug\vc143.idb
c:\users\yusuf\source\opengl\workshop1\workshop1\x64\debug\shader.obj
c:\users\yusuf\source\opengl\workshop1\workshop1\x64\debug\display.obj
c:\users\yusuf\source\opengl\workshop1\workshop1\x64\debug\application.obj
c:\users\yusuf\source\opengl\workshop1\workshop1\x64\debug\mesh.obj
c:\users\yusuf\source\opengl\workshop1\x64\debug\workshop1.pdb
c:\users\yusuf\source\opengl\workshop1\workshop1\x64\debug\workshop1.tlog\cl.command.1.tlog
c:\users\yusuf\source\opengl\workshop1\workshop1\x64\debug\workshop1.tlog\cl.read.1.tlog
c:\users\yusuf\source\opengl\workshop1\workshop1\x64\debug\workshop1.tlog\cl.write.1.tlog
c:\users\yusuf\source\opengl\workshop1\workshop1\x64\debug\workshop1.tlog\link-cvtres.read.1.tlog
c:\users\yusuf\source\opengl\workshop1\workshop1\x64\debug\workshop1.tlog\link-cvtres.write.1.tlog
c:\users\yusuf\source\opengl\workshop1\workshop1\x64\debug\workshop1.tlog\link-rc.read.1.tlog
c:\users\yusuf\source\opengl\workshop1\workshop1\x64\debug\workshop1.tlog\link-rc.write.1.tlog
c:\users\yusuf\source\opengl\workshop1\workshop1\x64\debug\workshop1.tlog\link.9100-cvtres.read.1.tlog
c:\users\yusuf\source\opengl\workshop1\workshop1\x64\debug\workshop1.tlog\link.9100-cvtres.write.1.tlog
c:\users\yusuf\source\opengl\workshop1\workshop1\x64\debug\workshop1.tlog\link.9100-rc.read.1.tlog
c:\users\yusuf\source\opengl\workshop1\workshop1\x64\debug\workshop1.tlog\link.9100-rc.write.1.tlog
c:\users\yusuf\source\opengl\workshop1\workshop1\x64\debug\workshop1.tlog\link.9100.read.1.tlog
c:\users\yusuf\source\opengl\workshop1\workshop1\x64\debug\workshop1.tlog\link.9100.read.2.tlog
c:\users\yusuf\source\opengl\workshop1\workshop1\x64\debug\workshop1.tlog\link.9100.write.1.tlog
c:\users\yusuf\source\opengl\workshop1\workshop1\x64\debug\workshop1.tlog\link.command.1.tlog
c:\users\yusuf\source\opengl\workshop1\workshop1\x64\debug\workshop1.tlog\link.read.1.tlog
c:\users\yusuf\source\opengl\workshop1\workshop1\x64\debug\workshop1.tlog\link.read.2.tlog
c:\users\yusuf\source\opengl\workshop1\workshop1\x64\debug\workshop1.tlog\link.write.1.tlog
